\BOOKMARK [1][-]{section.1}{Introduction}{}% 1
\BOOKMARK [2][-]{subsection.1.1}{Purpose}{section.1}% 2
\BOOKMARK [2][-]{subsection.1.2}{Scope}{section.1}% 3
\BOOKMARK [2][-]{subsection.1.3}{Definitions, acronyms, and abbreviations}{section.1}% 4
\BOOKMARK [2][-]{subsection.1.4}{References}{section.1}% 5
\BOOKMARK [2][-]{subsection.1.5}{Overview}{section.1}% 6
\BOOKMARK [1][-]{section.2}{Overall description}{}% 7
\BOOKMARK [2][-]{subsection.2.1}{Product perspective}{section.2}% 8
\BOOKMARK [3][-]{subsubsection.2.1.1}{System interfaces}{subsection.2.1}% 9
\BOOKMARK [3][-]{subsubsection.2.1.2}{User interfaces}{subsection.2.1}% 10
\BOOKMARK [3][-]{subsubsection.2.1.3}{Hardware interfaces}{subsection.2.1}% 11
\BOOKMARK [3][-]{subsubsection.2.1.4}{Software interfaces}{subsection.2.1}% 12
\BOOKMARK [3][-]{subsubsection.2.1.5}{Communications interfaces}{subsection.2.1}% 13
\BOOKMARK [3][-]{subsubsection.2.1.6}{Memory}{subsection.2.1}% 14
\BOOKMARK [3][-]{subsubsection.2.1.7}{Operations}{subsection.2.1}% 15
\BOOKMARK [2][-]{subsection.2.2}{Product functions}{section.2}% 16
\BOOKMARK [2][-]{subsection.2.3}{User characteristics}{section.2}% 17
\BOOKMARK [2][-]{subsection.2.4}{Constraints}{section.2}% 18
\BOOKMARK [2][-]{subsection.2.5}{Assumptions and dependencies}{section.2}% 19
\BOOKMARK [2][-]{subsection.2.6}{Apportioning of requirements}{section.2}% 20
\BOOKMARK [1][-]{section.3}{Specific requirements}{}% 21
\BOOKMARK [2][-]{subsection.3.1}{External Interfaces}{section.3}% 22
\BOOKMARK [2][-]{subsection.3.2}{Functions}{section.3}% 23
\BOOKMARK [2][-]{subsection.3.3}{Performance requirements}{section.3}% 24
\BOOKMARK [2][-]{subsection.3.4}{Design constraints}{section.3}% 25
\BOOKMARK [2][-]{subsection.3.5}{Software system attributes}{section.3}% 26
\BOOKMARK [3][-]{subsubsection.3.5.1}{Reliability}{subsection.3.5}% 27
\BOOKMARK [3][-]{subsubsection.3.5.2}{Availability}{subsection.3.5}% 28
\BOOKMARK [3][-]{subsubsection.3.5.3}{Security}{subsection.3.5}% 29
\BOOKMARK [3][-]{subsubsection.3.5.4}{Maintainability}{subsection.3.5}% 30
\BOOKMARK [3][-]{subsubsection.3.5.5}{Portability}{subsection.3.5}% 31
