\BOOKMARK [1][-]{section.1}{Introduction}{}% 1
\BOOKMARK [1][-]{section.2}{Original Requirements}{}% 2
\BOOKMARK [1][-]{section.3}{Requirement Changes}{}% 3
\BOOKMARK [1][-]{section.4}{Original Design Document}{}% 4
\BOOKMARK [2][-]{subsection.4.1}{Design Changes}{section.4}% 5
\BOOKMARK [1][-]{section.5}{Original Technology Review}{}% 6
\BOOKMARK [2][-]{subsection.5.1}{Technology Changes}{section.5}% 7
\BOOKMARK [1][-]{section.6}{Weekly Blog Posts}{}% 8
\BOOKMARK [2][-]{subsection.6.1}{Fall 2016}{section.6}% 9
\BOOKMARK [3][-]{subsubsection.6.1.1}{Week 3}{subsection.6.1}% 10
\BOOKMARK [3][-]{subsubsection.6.1.2}{Week 4}{subsection.6.1}% 11
\BOOKMARK [3][-]{subsubsection.6.1.3}{Week 5}{subsection.6.1}% 12
\BOOKMARK [3][-]{subsubsection.6.1.4}{Week 6}{subsection.6.1}% 13
\BOOKMARK [3][-]{subsubsection.6.1.5}{Week 7}{subsection.6.1}% 14
\BOOKMARK [3][-]{subsubsection.6.1.6}{Week 8}{subsection.6.1}% 15
\BOOKMARK [3][-]{subsubsection.6.1.7}{Week 9}{subsection.6.1}% 16
\BOOKMARK [3][-]{subsubsection.6.1.8}{Week 10}{subsection.6.1}% 17
\BOOKMARK [2][-]{subsection.6.2}{Winter 2017}{section.6}% 18
\BOOKMARK [3][-]{subsubsection.6.2.1}{Week 1}{subsection.6.2}% 19
\BOOKMARK [3][-]{subsubsection.6.2.2}{Week 2}{subsection.6.2}% 20
\BOOKMARK [3][-]{subsubsection.6.2.3}{Week 3}{subsection.6.2}% 21
\BOOKMARK [3][-]{subsubsection.6.2.4}{Week 4}{subsection.6.2}% 22
\BOOKMARK [3][-]{subsubsection.6.2.5}{Week 5}{subsection.6.2}% 23
\BOOKMARK [3][-]{subsubsection.6.2.6}{Week 6}{subsection.6.2}% 24
\BOOKMARK [3][-]{subsubsection.6.2.7}{Week 7}{subsection.6.2}% 25
\BOOKMARK [3][-]{subsubsection.6.2.8}{Week 8}{subsection.6.2}% 26
\BOOKMARK [3][-]{subsubsection.6.2.9}{Week 9}{subsection.6.2}% 27
\BOOKMARK [3][-]{subsubsection.6.2.10}{Week 10}{subsection.6.2}% 28
\BOOKMARK [2][-]{subsection.6.3}{Spring 2017}{section.6}% 29
\BOOKMARK [3][-]{subsubsection.6.3.1}{Week 1}{subsection.6.3}% 30
\BOOKMARK [3][-]{subsubsection.6.3.2}{Week 2}{subsection.6.3}% 31
\BOOKMARK [3][-]{subsubsection.6.3.3}{Week 3}{subsection.6.3}% 32
\BOOKMARK [3][-]{subsubsection.6.3.4}{Week 4}{subsection.6.3}% 33
\BOOKMARK [3][-]{subsubsection.6.3.5}{Week 5}{subsection.6.3}% 34
\BOOKMARK [3][-]{subsubsection.6.3.6}{Week 6}{subsection.6.3}% 35
\BOOKMARK [3][-]{subsubsection.6.3.7}{Week 7}{subsection.6.3}% 36
\BOOKMARK [1][-]{section.7}{Final Poster}{}% 37
\BOOKMARK [1][-]{section.8}{Project Documentation}{}% 38
\BOOKMARK [1][-]{section.9}{Learning New Technology}{}% 39
\BOOKMARK [1][-]{section.10}{Team Reflection}{}% 40
\BOOKMARK [2][-]{subsection.10.1}{Courtney Bonn}{section.10}% 41
\BOOKMARK [2][-]{subsection.10.2}{Max Dimm}{section.10}% 42
\BOOKMARK [2][-]{subsection.10.3}{Kevin Stine}{section.10}% 43
